Compiler run failed:
Error (6275): Source "contracts/lib/openzeppelin-contracts/certora/patched/access/extensions/AccessControlDefaultAdminRules.sol" not found: File not found. Searched the following locations: "/home/ls/projects/ZKCourse/zk_panagram".
ParserError: Source "contracts/lib/openzeppelin-contracts/certora/patched/access/extensions/AccessControlDefaultAdminRules.sol" not found: File not found. Searched the following locations: "/home/ls/projects/ZKCourse/zk_panagram".
 --> contracts/lib/openzeppelin-contracts/certora/harnesses/AccessControlDefaultAdminRulesHarness.sol:4:1:
  |
4 | import {AccessControlDefaultAdminRules} from "../patched/access/extensions/AccessControlDefaultAdminRules.sol";
  | ^^^^^^^^^^^^^^^^^^^^^^^^^^^^^^^^^^^^^^^^^^^^^^^^^^^^^^^^^^^^^^^^^^^^^^^^^^^^^^^^^^^^^^^^^^^^^^^^^^^^^^^^^^^^^^^

Error (6275): Source "contracts/lib/openzeppelin-contracts/certora/patched/access/AccessControl.sol" not found: File not found. Searched the following locations: "/home/ls/projects/ZKCourse/zk_panagram".
ParserError: Source "contracts/lib/openzeppelin-contracts/certora/patched/access/AccessControl.sol" not found: File not found. Searched the following locations: "/home/ls/projects/ZKCourse/zk_panagram".
 --> contracts/lib/openzeppelin-contracts/certora/harnesses/AccessControlHarness.sol:4:1:
  |
4 | import {AccessControl} from "../patched/access/AccessControl.sol";
  | ^^^^^^^^^^^^^^^^^^^^^^^^^^^^^^^^^^^^^^^^^^^^^^^^^^^^^^^^^^^^^^^^^^

Error (6275): Source "contracts/lib/openzeppelin-contracts/certora/patched/access/manager/IAccessManager.sol" not found: File not found. Searched the following locations: "/home/ls/projects/ZKCourse/zk_panagram".
ParserError: Source "contracts/lib/openzeppelin-contracts/certora/patched/access/manager/IAccessManager.sol" not found: File not found. Searched the following locations: "/home/ls/projects/ZKCourse/zk_panagram".
 --> contracts/lib/openzeppelin-contracts/certora/harnesses/AccessManagedHarness.sol:5:1:
  |
5 | import "../patched/access/manager/IAccessManager.sol";
  | ^^^^^^^^^^^^^^^^^^^^^^^^^^^^^^^^^^^^^^^^^^^^^^^^^^^^^^

Error (6275): Source "contracts/lib/openzeppelin-contracts/certora/patched/access/manager/AccessManaged.sol" not found: File not found. Searched the following locations: "/home/ls/projects/ZKCourse/zk_panagram".
ParserError: Source "contracts/lib/openzeppelin-contracts/certora/patched/access/manager/AccessManaged.sol" not found: File not found. Searched the following locations: "/home/ls/projects/ZKCourse/zk_panagram".
 --> contracts/lib/openzeppelin-contracts/certora/harnesses/AccessManagedHarness.sol:6:1:
  |
6 | import "../patched/access/manager/AccessManaged.sol";
  | ^^^^^^^^^^^^^^^^^^^^^^^^^^^^^^^^^^^^^^^^^^^^^^^^^^^^^

Error (6275): Source "contracts/lib/openzeppelin-contracts/certora/patched/access/manager/AccessManager.sol" not found: File not found. Searched the following locations: "/home/ls/projects/ZKCourse/zk_panagram".
ParserError: Source "contracts/lib/openzeppelin-contracts/certora/patched/access/manager/AccessManager.sol" not found: File not found. Searched the following locations: "/home/ls/projects/ZKCourse/zk_panagram".
 --> contracts/lib/openzeppelin-contracts/certora/harnesses/AccessManagerHarness.sol:5:1:
  |
5 | import "../patched/access/manager/AccessManager.sol";
  | ^^^^^^^^^^^^^^^^^^^^^^^^^^^^^^^^^^^^^^^^^^^^^^^^^^^^^

Error (6275): Source "contracts/lib/openzeppelin-contracts/certora/patched/utils/structs/DoubleEndedQueue.sol" not found: File not found. Searched the following locations: "/home/ls/projects/ZKCourse/zk_panagram".
ParserError: Source "contracts/lib/openzeppelin-contracts/certora/patched/utils/structs/DoubleEndedQueue.sol" not found: File not found. Searched the following locations: "/home/ls/projects/ZKCourse/zk_panagram".
 --> contracts/lib/openzeppelin-contracts/certora/harnesses/DoubleEndedQueueHarness.sol:4:1:
  |
4 | import {DoubleEndedQueue} from "../patched/utils/structs/DoubleEndedQueue.sol";
  | ^^^^^^^^^^^^^^^^^^^^^^^^^^^^^^^^^^^^^^^^^^^^^^^^^^^^^^^^^^^^^^^^^^^^^^^^^^^^^^^

Error (6275): Source "contracts/lib/openzeppelin-contracts/certora/patched/token/ERC20/ERC20.sol" not found: File not found. Searched the following locations: "/home/ls/projects/ZKCourse/zk_panagram".
ParserError: Source "contracts/lib/openzeppelin-contracts/certora/patched/token/ERC20/ERC20.sol" not found: File not found. Searched the following locations: "/home/ls/projects/ZKCourse/zk_panagram".
 --> contracts/lib/openzeppelin-contracts/certora/harnesses/ERC20FlashMintHarness.sol:5:1:
  |
5 | import "../patched/token/ERC20/ERC20.sol";
  | ^^^^^^^^^^^^^^^^^^^^^^^^^^^^^^^^^^^^^^^^^^

Error (6275): Source "contracts/lib/openzeppelin-contracts/certora/patched/token/ERC20/extensions/ERC20Permit.sol" not found: File not found. Searched the following locations: "/home/ls/projects/ZKCourse/zk_panagram".
ParserError: Source "contracts/lib/openzeppelin-contracts/certora/patched/token/ERC20/extensions/ERC20Permit.sol" not found: File not found. Searched the following locations: "/home/ls/projects/ZKCourse/zk_panagram".
 --> contracts/lib/openzeppelin-contracts/certora/harnesses/ERC20FlashMintHarness.sol:6:1:
  |
6 | import "../patched/token/ERC20/extensions/ERC20Permit.sol";
  | ^^^^^^^^^^^^^^^^^^^^^^^^^^^^^^^^^^^^^^^^^^^^^^^^^^^^^^^^^^^

Error (6275): Source "contracts/lib/openzeppelin-contracts/certora/patched/token/ERC20/extensions/ERC20FlashMint.sol" not found: File not found. Searched the following locations: "/home/ls/projects/ZKCourse/zk_panagram".
ParserError: Source "contracts/lib/openzeppelin-contracts/certora/patched/token/ERC20/extensions/ERC20FlashMint.sol" not found: File not found. Searched the following locations: "/home/ls/projects/ZKCourse/zk_panagram".
 --> contracts/lib/openzeppelin-contracts/certora/harnesses/ERC20FlashMintHarness.sol:7:1:
  |
7 | import "../patched/token/ERC20/extensions/ERC20FlashMint.sol";
  | ^^^^^^^^^^^^^^^^^^^^^^^^^^^^^^^^^^^^^^^^^^^^^^^^^^^^^^^^^^^^^^

Error (6275): Source "contracts/lib/openzeppelin-contracts/certora/patched/token/ERC20/extensions/ERC20Permit.sol" not found: File not found. Searched the following locations: "/home/ls/projects/ZKCourse/zk_panagram".
ParserError: Source "contracts/lib/openzeppelin-contracts/certora/patched/token/ERC20/extensions/ERC20Permit.sol" not found: File not found. Searched the following locations: "/home/ls/projects/ZKCourse/zk_panagram".
 --> contracts/lib/openzeppelin-contracts/certora/harnesses/ERC20PermitHarness.sol:4:1:
  |
4 | import {ERC20Permit, ERC20} from "../patched/token/ERC20/extensions/ERC20Permit.sol";
  | ^^^^^^^^^^^^^^^^^^^^^^^^^^^^^^^^^^^^^^^^^^^^^^^^^^^^^^^^^^^^^^^^^^^^^^^^^^^^^^^^^^^^^

Error (6275): Source "contracts/lib/openzeppelin-contracts/certora/patched/token/ERC20/extensions/ERC20Permit.sol" not found: File not found. Searched the following locations: "/home/ls/projects/ZKCourse/zk_panagram".
ParserError: Source "contracts/lib/openzeppelin-contracts/certora/patched/token/ERC20/extensions/ERC20Permit.sol" not found: File not found. Searched the following locations: "/home/ls/projects/ZKCourse/zk_panagram".
 --> contracts/lib/openzeppelin-contracts/certora/harnesses/ERC20WrapperHarness.sol:5:1:
  |
5 | import {ERC20Permit} from "../patched/token/ERC20/extensions/ERC20Permit.sol";
  | ^^^^^^^^^^^^^^^^^^^^^^^^^^^^^^^^^^^^^^^^^^^^^^^^^^^^^^^^^^^^^^^^^^^^^^^^^^^^^^

Error (6275): Source "contracts/lib/openzeppelin-contracts/certora/patched/token/ERC20/extensions/ERC20Wrapper.sol" not found: File not found. Searched the following locations: "/home/ls/projects/ZKCourse/zk_panagram".
ParserError: Source "contracts/lib/openzeppelin-contracts/certora/patched/token/ERC20/extensions/ERC20Wrapper.sol" not found: File not found. Searched the following locations: "/home/ls/projects/ZKCourse/zk_panagram".
 --> contracts/lib/openzeppelin-contracts/certora/harnesses/ERC20WrapperHarness.sol:6:1:
  |
6 | import {ERC20Wrapper, IERC20, ERC20} from "../patched/token/ERC20/extensions/ERC20Wrapper.sol";
  | ^^^^^^^^^^^^^^^^^^^^^^^^^^^^^^^^^^^^^^^^^^^^^^^^^^^^^^^^^^^^^^^^^^^^^^^^^^^^^^^^^^^^^^^^^^^^^^^

Error (6275): Source "contracts/lib/openzeppelin-contracts/certora/patched/interfaces/IERC3156FlashBorrower.sol" not found: File not found. Searched the following locations: "/home/ls/projects/ZKCourse/zk_panagram".
ParserError: Source "contracts/lib/openzeppelin-contracts/certora/patched/interfaces/IERC3156FlashBorrower.sol" not found: File not found. Searched the following locations: "/home/ls/projects/ZKCourse/zk_panagram".
 --> contracts/lib/openzeppelin-contracts/certora/harnesses/ERC3156FlashBorrowerHarness.sol:3:1:
  |
3 | import {IERC3156FlashBorrower} from "../patched/interfaces/IERC3156FlashBorrower.sol";
  | ^^^^^^^^^^^^^^^^^^^^^^^^^^^^^^^^^^^^^^^^^^^^^^^^^^^^^^^^^^^^^^^^^^^^^^^^^^^^^^^^^^^^^^

Error (6275): Source "contracts/lib/openzeppelin-contracts/certora/patched/token/ERC721/ERC721.sol" not found: File not found. Searched the following locations: "/home/ls/projects/ZKCourse/zk_panagram".
ParserError: Source "contracts/lib/openzeppelin-contracts/certora/patched/token/ERC721/ERC721.sol" not found: File not found. Searched the following locations: "/home/ls/projects/ZKCourse/zk_panagram".
 --> contracts/lib/openzeppelin-contracts/certora/harnesses/ERC721Harness.sol:5:1:
  |
5 | import {ERC721} from "../patched/token/ERC721/ERC721.sol";
  | ^^^^^^^^^^^^^^^^^^^^^^^^^^^^^^^^^^^^^^^^^^^^^^^^^^^^^^^^^^

Error (6275): Source "contracts/lib/openzeppelin-contracts/certora/patched/interfaces/IERC721Receiver.sol" not found: File not found. Searched the following locations: "/home/ls/projects/ZKCourse/zk_panagram".
ParserError: Source "contracts/lib/openzeppelin-contracts/certora/patched/interfaces/IERC721Receiver.sol" not found: File not found. Searched the following locations: "/home/ls/projects/ZKCourse/zk_panagram".
 --> contracts/lib/openzeppelin-contracts/certora/harnesses/ERC721ReceiverHarness.sol:5:1:
  |
5 | import "../patched/interfaces/IERC721Receiver.sol";
  | ^^^^^^^^^^^^^^^^^^^^^^^^^^^^^^^^^^^^^^^^^^^^^^^^^^^

Error (6275): Source "contracts/lib/openzeppelin-contracts/certora/patched/utils/structs/EnumerableMap.sol" not found: File not found. Searched the following locations: "/home/ls/projects/ZKCourse/zk_panagram".
ParserError: Source "contracts/lib/openzeppelin-contracts/certora/patched/utils/structs/EnumerableMap.sol" not found: File not found. Searched the following locations: "/home/ls/projects/ZKCourse/zk_panagram".
 --> contracts/lib/openzeppelin-contracts/certora/harnesses/EnumerableMapHarness.sol:5:1:
  |
5 | import {EnumerableMap} from "../patched/utils/structs/EnumerableMap.sol";
  | ^^^^^^^^^^^^^^^^^^^^^^^^^^^^^^^^^^^^^^^^^^^^^^^^^^^^^^^^^^^^^^^^^^^^^^^^^

Error (6275): Source "contracts/lib/openzeppelin-contracts/certora/patched/utils/structs/EnumerableSet.sol" not found: File not found. Searched the following locations: "/home/ls/projects/ZKCourse/zk_panagram".
ParserError: Source "contracts/lib/openzeppelin-contracts/certora/patched/utils/structs/EnumerableSet.sol" not found: File not found. Searched the following locations: "/home/ls/projects/ZKCourse/zk_panagram".
 --> contracts/lib/openzeppelin-contracts/certora/harnesses/EnumerableSetHarness.sol:5:1:
  |
5 | import {EnumerableSet} from "../patched/utils/structs/EnumerableSet.sol";
  | ^^^^^^^^^^^^^^^^^^^^^^^^^^^^^^^^^^^^^^^^^^^^^^^^^^^^^^^^^^^^^^^^^^^^^^^^^

Error (6275): Source "contracts/lib/openzeppelin-contracts/certora/patched/proxy/utils/Initializable.sol" not found: File not found. Searched the following locations: "/home/ls/projects/ZKCourse/zk_panagram".
ParserError: Source "contracts/lib/openzeppelin-contracts/certora/patched/proxy/utils/Initializable.sol" not found: File not found. Searched the following locations: "/home/ls/projects/ZKCourse/zk_panagram".
 --> contracts/lib/openzeppelin-contracts/certora/harnesses/InitializableHarness.sol:4:1:
  |
4 | import {Initializable} from "../patched/proxy/utils/Initializable.sol";
  | ^^^^^^^^^^^^^^^^^^^^^^^^^^^^^^^^^^^^^^^^^^^^^^^^^^^^^^^^^^^^^^^^^^^^^^^

Error (6275): Source "contracts/lib/openzeppelin-contracts/certora/patched/utils/Nonces.sol" not found: File not found. Searched the following locations: "/home/ls/projects/ZKCourse/zk_panagram".
ParserError: Source "contracts/lib/openzeppelin-contracts/certora/patched/utils/Nonces.sol" not found: File not found. Searched the following locations: "/home/ls/projects/ZKCourse/zk_panagram".
 --> contracts/lib/openzeppelin-contracts/certora/harnesses/NoncesHarness.sol:4:1:
  |
4 | import {Nonces} from "../patched/utils/Nonces.sol";
  | ^^^^^^^^^^^^^^^^^^^^^^^^^^^^^^^^^^^^^^^^^^^^^^^^^^^

Error (6275): Source "contracts/lib/openzeppelin-contracts/certora/patched/access/Ownable2Step.sol" not found: File not found. Searched the following locations: "/home/ls/projects/ZKCourse/zk_panagram".
ParserError: Source "contracts/lib/openzeppelin-contracts/certora/patched/access/Ownable2Step.sol" not found: File not found. Searched the following locations: "/home/ls/projects/ZKCourse/zk_panagram".
 --> contracts/lib/openzeppelin-contracts/certora/harnesses/Ownable2StepHarness.sol:4:1:
  |
4 | import {Ownable2Step, Ownable} from "../patched/access/Ownable2Step.sol";
  | ^^^^^^^^^^^^^^^^^^^^^^^^^^^^^^^^^^^^^^^^^^^^^^^^^^^^^^^^^^^^^^^^^^^^^^^^^

Error (6275): Source "contracts/lib/openzeppelin-contracts/certora/patched/access/Ownable.sol" not found: File not found. Searched the following locations: "/home/ls/projects/ZKCourse/zk_panagram".
ParserError: Source "contracts/lib/openzeppelin-contracts/certora/patched/access/Ownable.sol" not found: File not found. Searched the following locations: "/home/ls/projects/ZKCourse/zk_panagram".
 --> contracts/lib/openzeppelin-contracts/certora/harnesses/OwnableHarness.sol:4:1:
  |
4 | import {Ownable} from "../patched/access/Ownable.sol";
  | ^^^^^^^^^^^^^^^^^^^^^^^^^^^^^^^^^^^^^^^^^^^^^^^^^^^^^^

Error (6275): Source "contracts/lib/openzeppelin-contracts/certora/patched/utils/Pausable.sol" not found: File not found. Searched the following locations: "/home/ls/projects/ZKCourse/zk_panagram".
ParserError: Source "contracts/lib/openzeppelin-contracts/certora/patched/utils/Pausable.sol" not found: File not found. Searched the following locations: "/home/ls/projects/ZKCourse/zk_panagram".
 --> contracts/lib/openzeppelin-contracts/certora/harnesses/PausableHarness.sol:4:1:
  |
4 | import {Pausable} from "../patched/utils/Pausable.sol";
  | ^^^^^^^^^^^^^^^^^^^^^^^^^^^^^^^^^^^^^^^^^^^^^^^^^^^^^^^

Error (6275): Source "contracts/lib/openzeppelin-contracts/certora/patched/governance/TimelockController.sol" not found: File not found. Searched the following locations: "/home/ls/projects/ZKCourse/zk_panagram".
ParserError: Source "contracts/lib/openzeppelin-contracts/certora/patched/governance/TimelockController.sol" not found: File not found. Searched the following locations: "/home/ls/projects/ZKCourse/zk_panagram".
 --> contracts/lib/openzeppelin-contracts/certora/harnesses/TimelockControllerHarness.sol:4:1:
  |
4 | import {TimelockController} from "../patched/governance/TimelockController.sol";
  | ^^^^^^^^^^^^^^^^^^^^^^^^^^^^^^^^^^^^^^^^^^^^^^^^^^^^^^^^^^^^^^^^^^^^^^^^^^^^^^^^

Error (6275): Source "forge-std/Test.sol" not found: File not found. Searched the following locations: "/home/ls/projects/ZKCourse/zk_panagram".
ParserError: Source "forge-std/Test.sol" not found: File not found. Searched the following locations: "/home/ls/projects/ZKCourse/zk_panagram".
 --> contracts/lib/openzeppelin-contracts/lib/erc4626-tests/ERC4626.prop.sol:4:1:
  |
4 | import "forge-std/Test.sol";
  | ^^^^^^^^^^^^^^^^^^^^^^^^^^^^

Error (6275): Source "@openzeppelin/contracts/access/Ownable.sol" not found: File not found. Searched the following locations: "/home/ls/projects/ZKCourse/zk_panagram".
ParserError: Source "@openzeppelin/contracts/access/Ownable.sol" not found: File not found. Searched the following locations: "/home/ls/projects/ZKCourse/zk_panagram".
 --> contracts/lib/openzeppelin-contracts/test/account/utils/draft-ERC7579Utils.t.sol:9:1:
  |
9 | import {Ownable} from "@openzeppelin/contracts/access/Ownable.sol";
  | ^^^^^^^^^^^^^^^^^^^^^^^^^^^^^^^^^^^^^^^^^^^^^^^^^^^^^^^^^^^^^^^^^^^

Error (6275): Source "@openzeppelin/contracts/utils/cryptography/ECDSA.sol" not found: File not found. Searched the following locations: "/home/ls/projects/ZKCourse/zk_panagram".
ParserError: Source "@openzeppelin/contracts/utils/cryptography/ECDSA.sol" not found: File not found. Searched the following locations: "/home/ls/projects/ZKCourse/zk_panagram".
  --> contracts/lib/openzeppelin-contracts/test/account/utils/draft-ERC7579Utils.t.sol:10:1:
   |
10 | import {ECDSA} from "@openzeppelin/contracts/utils/cryptography/ECDSA.sol";
   | ^^^^^^^^^^^^^^^^^^^^^^^^^^^^^^^^^^^^^^^^^^^^^^^^^^^^^^^^^^^^^^^^^^^^^^^^^^^

Error (6275): Source "@openzeppelin/contracts/utils/cryptography/MessageHashUtils.sol" not found: File not found. Searched the following locations: "/home/ls/projects/ZKCourse/zk_panagram".
ParserError: Source "@openzeppelin/contracts/utils/cryptography/MessageHashUtils.sol" not found: File not found. Searched the following locations: "/home/ls/projects/ZKCourse/zk_panagram".
  --> contracts/lib/openzeppelin-contracts/test/account/utils/draft-ERC7579Utils.t.sol:11:1:
   |
11 | import {MessageHashUtils} from "@openzeppelin/contracts/utils/cryptography/MessageHashUtils.sol";
   | ^^^^^^^^^^^^^^^^^^^^^^^^^^^^^^^^^^^^^^^^^^^^^^^^^^^^^^^^^^^^^^^^^^^^^^^^^^^^^^^^^^^^^^^^^^^^^^^^^

Error (6275): Source "@openzeppelin/contracts/interfaces/draft-IERC4337.sol" not found: File not found. Searched the following locations: "/home/ls/projects/ZKCourse/zk_panagram".
ParserError: Source "@openzeppelin/contracts/interfaces/draft-IERC4337.sol" not found: File not found. Searched the following locations: "/home/ls/projects/ZKCourse/zk_panagram".
  --> contracts/lib/openzeppelin-contracts/test/account/utils/draft-ERC7579Utils.t.sol:12:1:
   |
12 | import {PackedUserOperation, IAccount, IEntryPoint} from "@openzeppelin/contracts/interfaces/draft-IERC4337.sol";
   | ^^^^^^^^^^^^^^^^^^^^^^^^^^^^^^^^^^^^^^^^^^^^^^^^^^^^^^^^^^^^^^^^^^^^^^^^^^^^^^^^^^^^^^^^^^^^^^^^^^^^^^^^^^^^^^^^^

Error (6275): Source "@openzeppelin/contracts/account/utils/draft-ERC4337Utils.sol" not found: File not found. Searched the following locations: "/home/ls/projects/ZKCourse/zk_panagram".
ParserError: Source "@openzeppelin/contracts/account/utils/draft-ERC4337Utils.sol" not found: File not found. Searched the following locations: "/home/ls/projects/ZKCourse/zk_panagram".
  --> contracts/lib/openzeppelin-contracts/test/account/utils/draft-ERC7579Utils.t.sol:13:1:
   |
13 | import {ERC4337Utils} from "@openzeppelin/contracts/account/utils/draft-ERC4337Utils.sol";
   | ^^^^^^^^^^^^^^^^^^^^^^^^^^^^^^^^^^^^^^^^^^^^^^^^^^^^^^^^^^^^^^^^^^^^^^^^^^^^^^^^^^^^^^^^^^

Error (6275): Source "@openzeppelin/contracts/account/utils/draft-ERC7579Utils.sol" not found: File not found. Searched the following locations: "/home/ls/projects/ZKCourse/zk_panagram".
ParserError: Source "@openzeppelin/contracts/account/utils/draft-ERC7579Utils.sol" not found: File not found. Searched the following locations: "/home/ls/projects/ZKCourse/zk_panagram".
  --> contracts/lib/openzeppelin-contracts/test/account/utils/draft-ERC7579Utils.t.sol:14:1:
   |
14 | import {ERC7579Utils, Mode, CallTyp ... ount/utils/draft-ERC7579Utils.sol";
   | ^^^^^^^^^^^^^^^^^^^^^^^^^^^^^^^^^^^^^^^^^^^^^^^^^^^^^^^^^^^^^^^^^^^^^^^^^^^

Error (6275): Source "forge-std/Test.sol" not found: File not found. Searched the following locations: "/home/ls/projects/ZKCourse/zk_panagram".
ParserError: Source "forge-std/Test.sol" not found: File not found. Searched the following locations: "/home/ls/projects/ZKCourse/zk_panagram".
  --> contracts/lib/openzeppelin-contracts/test/account/utils/draft-ERC7579Utils.t.sol:15:1:
   |
15 | import {Test, Vm, console} from "forge-std/Test.sol";
   | ^^^^^^^^^^^^^^^^^^^^^^^^^^^^^^^^^^^^^^^^^^^^^^^^^^^^^

Error (6275): Source "forge-std/Test.sol" not found: File not found. Searched the following locations: "/home/ls/projects/ZKCourse/zk_panagram".
ParserError: Source "forge-std/Test.sol" not found: File not found. Searched the following locations: "/home/ls/projects/ZKCourse/zk_panagram".
 --> contracts/lib/openzeppelin-contracts/test/governance/Governor.t.sol:5:1:
  |
5 | import {Test} from "forge-std/Test.sol";
  | ^^^^^^^^^^^^^^^^^^^^^^^^^^^^^^^^^^^^^^^^

Error (6275): Source "@openzeppelin/contracts/utils/Strings.sol" not found: File not found. Searched the following locations: "/home/ls/projects/ZKCourse/zk_panagram".
ParserError: Source "@openzeppelin/contracts/utils/Strings.sol" not found: File not found. Searched the following locations: "/home/ls/projects/ZKCourse/zk_panagram".
 --> contracts/lib/openzeppelin-contracts/test/governance/Governor.t.sol:6:1:
  |
6 | import {Strings} from "@openzeppelin/contracts/utils/Strings.sol";
  | ^^^^^^^^^^^^^^^^^^^^^^^^^^^^^^^^^^^^^^^^^^^^^^^^^^^^^^^^^^^^^^^^^^

Error (6275): Source "@openzeppelin/contracts/governance/Governor.sol" not found: File not found. Searched the following locations: "/home/ls/projects/ZKCourse/zk_panagram".
ParserError: Source "@openzeppelin/contracts/governance/Governor.sol" not found: File not found. Searched the following locations: "/home/ls/projects/ZKCourse/zk_panagram".
 --> contracts/lib/openzeppelin-contracts/test/governance/Governor.t.sol:7:1:
  |
7 | import {Governor} from "@openzeppelin/contracts/governance/Governor.sol";
  | ^^^^^^^^^^^^^^^^^^^^^^^^^^^^^^^^^^^^^^^^^^^^^^^^^^^^^^^^^^^^^^^^^^^^^^^^^

Error (6275): Source "forge-std/Test.sol" not found: File not found. Searched the following locations: "/home/ls/projects/ZKCourse/zk_panagram".
ParserError: Source "forge-std/Test.sol" not found: File not found. Searched the following locations: "/home/ls/projects/ZKCourse/zk_panagram".
 --> contracts/lib/openzeppelin-contracts/test/governance/extensions/GovernorSuperQuorumGreaterThanQuorum.t.sol:5:1:
  |
5 | import {Test} from "forge-std/Test.sol";
  | ^^^^^^^^^^^^^^^^^^^^^^^^^^^^^^^^^^^^^^^^

Error (6275): Source "forge-std/Test.sol" not found: File not found. Searched the following locations: "/home/ls/projects/ZKCourse/zk_panagram".
ParserError: Source "forge-std/Test.sol" not found: File not found. Searched the following locations: "/home/ls/projects/ZKCourse/zk_panagram".
 --> contracts/lib/openzeppelin-contracts/test/metatx/ERC2771Forwarder.t.sol:5:1:
  |
5 | import {Test} from "forge-std/Test.sol";
  | ^^^^^^^^^^^^^^^^^^^^^^^^^^^^^^^^^^^^^^^^

Error (6275): Source "@openzeppelin/contracts/metatx/ERC2771Forwarder.sol" not found: File not found. Searched the following locations: "/home/ls/projects/ZKCourse/zk_panagram".
ParserError: Source "@openzeppelin/contracts/metatx/ERC2771Forwarder.sol" not found: File not found. Searched the following locations: "/home/ls/projects/ZKCourse/zk_panagram".
 --> contracts/lib/openzeppelin-contracts/test/metatx/ERC2771Forwarder.t.sol:6:1:
  |
6 | import {ERC2771Forwarder} from "@openzeppelin/contracts/metatx/ERC2771Forwarder.sol";
  | ^^^^^^^^^^^^^^^^^^^^^^^^^^^^^^^^^^^^^^^^^^^^^^^^^^^^^^^^^^^^^^^^^^^^^^^^^^^^^^^^^^^^^

Error (6275): Source "@openzeppelin/contracts/mocks/CallReceiverMock.sol" not found: File not found. Searched the following locations: "/home/ls/projects/ZKCourse/zk_panagram".
ParserError: Source "@openzeppelin/contracts/mocks/CallReceiverMock.sol" not found: File not found. Searched the following locations: "/home/ls/projects/ZKCourse/zk_panagram".
 --> contracts/lib/openzeppelin-contracts/test/metatx/ERC2771Forwarder.t.sol:7:1:
  |
7 | import {CallReceiverMockTrustingForwarder, CallReceiverMock} from "@openzeppelin/contracts/mocks/CallReceiverMock.sol";
  | ^^^^^^^^^^^^^^^^^^^^^^^^^^^^^^^^^^^^^^^^^^^^^^^^^^^^^^^^^^^^^^^^^^^^^^^^^^^^^^^^^^^^^^^^^^^^^^^^^^^^^^^^^^^^^^^^^^^^^^^

Error (6275): Source "@openzeppelin/contracts/utils/cryptography/ECDSA.sol" not found: File not found. Searched the following locations: "/home/ls/projects/ZKCourse/zk_panagram".
ParserError: Source "@openzeppelin/contracts/utils/cryptography/ECDSA.sol" not found: File not found. Searched the following locations: "/home/ls/projects/ZKCourse/zk_panagram".
 --> contracts/lib/openzeppelin-contracts/test/metatx/ERC2771Forwarder.t.sol:8:1:
  |
8 | import {ECDSA} from "@openzeppelin/contracts/utils/cryptography/ECDSA.sol";
  | ^^^^^^^^^^^^^^^^^^^^^^^^^^^^^^^^^^^^^^^^^^^^^^^^^^^^^^^^^^^^^^^^^^^^^^^^^^^

Error (6275): Source "@openzeppelin/contracts/utils/math/SafeCast.sol" not found: File not found. Searched the following locations: "/home/ls/projects/ZKCourse/zk_panagram".
ParserError: Source "@openzeppelin/contracts/utils/math/SafeCast.sol" not found: File not found. Searched the following locations: "/home/ls/projects/ZKCourse/zk_panagram".
 --> contracts/lib/openzeppelin-contracts/test/metatx/ERC2771Forwarder.t.sol:9:1:
  |
9 | import {SafeCast} from "@openzeppelin/contracts/utils/math/SafeCast.sol";
  | ^^^^^^^^^^^^^^^^^^^^^^^^^^^^^^^^^^^^^^^^^^^^^^^^^^^^^^^^^^^^^^^^^^^^^^^^^

Error (6275): Source "forge-std/Test.sol" not found: File not found. Searched the following locations: "/home/ls/projects/ZKCourse/zk_panagram".
ParserError: Source "forge-std/Test.sol" not found: File not found. Searched the following locations: "/home/ls/projects/ZKCourse/zk_panagram".
 --> contracts/lib/openzeppelin-contracts/test/proxy/Clones.t.sol:5:1:
  |
5 | import {Test} from "forge-std/Test.sol";
  | ^^^^^^^^^^^^^^^^^^^^^^^^^^^^^^^^^^^^^^^^

Error (6275): Source "@openzeppelin/contracts/proxy/Clones.sol" not found: File not found. Searched the following locations: "/home/ls/projects/ZKCourse/zk_panagram".
ParserError: Source "@openzeppelin/contracts/proxy/Clones.sol" not found: File not found. Searched the following locations: "/home/ls/projects/ZKCourse/zk_panagram".
 --> contracts/lib/openzeppelin-contracts/test/proxy/Clones.t.sol:6:1:
  |
6 | import {Clones} from "@openzeppelin/contracts/proxy/Clones.sol";
  | ^^^^^^^^^^^^^^^^^^^^^^^^^^^^^^^^^^^^^^^^^^^^^^^^^^^^^^^^^^^^^^^^

Error (6275): Source "erc4626-tests/ERC4626.test.sol" not found: File not found. Searched the following locations: "/home/ls/projects/ZKCourse/zk_panagram".
ParserError: Source "erc4626-tests/ERC4626.test.sol" not found: File not found. Searched the following locations: "/home/ls/projects/ZKCourse/zk_panagram".
 --> contracts/lib/openzeppelin-contracts/test/token/ERC20/extensions/ERC4626.t.sol:4:1:
  |
4 | import {ERC4626Test} from "erc4626-tests/ERC4626.test.sol";
  | ^^^^^^^^^^^^^^^^^^^^^^^^^^^^^^^^^^^^^^^^^^^^^^^^^^^^^^^^^^^

Error (6275): Source "@openzeppelin/contracts/token/ERC20/ERC20.sol" not found: File not found. Searched the following locations: "/home/ls/projects/ZKCourse/zk_panagram".
ParserError: Source "@openzeppelin/contracts/token/ERC20/ERC20.sol" not found: File not found. Searched the following locations: "/home/ls/projects/ZKCourse/zk_panagram".
 --> contracts/lib/openzeppelin-contracts/test/token/ERC20/extensions/ERC4626.t.sol:6:1:
  |
6 | import {ERC20} from "@openzeppelin/contracts/token/ERC20/ERC20.sol";
  | ^^^^^^^^^^^^^^^^^^^^^^^^^^^^^^^^^^^^^^^^^^^^^^^^^^^^^^^^^^^^^^^^^^^^

Error (6275): Source "@openzeppelin/contracts/token/ERC20/extensions/ERC4626.sol" not found: File not found. Searched the following locations: "/home/ls/projects/ZKCourse/zk_panagram".
ParserError: Source "@openzeppelin/contracts/token/ERC20/extensions/ERC4626.sol" not found: File not found. Searched the following locations: "/home/ls/projects/ZKCourse/zk_panagram".
 --> contracts/lib/openzeppelin-contracts/test/token/ERC20/extensions/ERC4626.t.sol:7:1:
  |
7 | import {ERC4626} from "@openzeppelin/contracts/token/ERC20/extensions/ERC4626.sol";
  | ^^^^^^^^^^^^^^^^^^^^^^^^^^^^^^^^^^^^^^^^^^^^^^^^^^^^^^^^^^^^^^^^^^^^^^^^^^^^^^^^^^^

Error (6275): Source "@openzeppelin/contracts/mocks/token/ERC20Mock.sol" not found: File not found. Searched the following locations: "/home/ls/projects/ZKCourse/zk_panagram".
ParserError: Source "@openzeppelin/contracts/mocks/token/ERC20Mock.sol" not found: File not found. Searched the following locations: "/home/ls/projects/ZKCourse/zk_panagram".
 --> contracts/lib/openzeppelin-contracts/test/token/ERC20/extensions/ERC4626.t.sol:9:1:
  |
9 | import {ERC20Mock} from "@openzeppelin/contracts/mocks/token/ERC20Mock.sol";
  | ^^^^^^^^^^^^^^^^^^^^^^^^^^^^^^^^^^^^^^^^^^^^^^^^^^^^^^^^^^^^^^^^^^^^^^^^^^^^

Error (6275): Source "@openzeppelin/contracts/mocks/token/ERC4626Mock.sol" not found: File not found. Searched the following locations: "/home/ls/projects/ZKCourse/zk_panagram".
ParserError: Source "@openzeppelin/contracts/mocks/token/ERC4626Mock.sol" not found: File not found. Searched the following locations: "/home/ls/projects/ZKCourse/zk_panagram".
  --> contracts/lib/openzeppelin-contracts/test/token/ERC20/extensions/ERC4626.t.sol:10:1:
   |
10 | import {ERC4626Mock} from "@openzeppelin/contracts/mocks/token/ERC4626Mock.sol";
   | ^^^^^^^^^^^^^^^^^^^^^^^^^^^^^^^^^^^^^^^^^^^^^^^^^^^^^^^^^^^^^^^^^^^^^^^^^^^^^^^^

Error (6275): Source "@openzeppelin/contracts/mocks/token/ERC4626OffsetMock.sol" not found: File not found. Searched the following locations: "/home/ls/projects/ZKCourse/zk_panagram".
ParserError: Source "@openzeppelin/contracts/mocks/token/ERC4626OffsetMock.sol" not found: File not found. Searched the following locations: "/home/ls/projects/ZKCourse/zk_panagram".
  --> contracts/lib/openzeppelin-contracts/test/token/ERC20/extensions/ERC4626.t.sol:11:1:
   |
11 | import {ERC4626OffsetMock} from "@openzeppelin/contracts/mocks/token/ERC4626OffsetMock.sol";
   | ^^^^^^^^^^^^^^^^^^^^^^^^^^^^^^^^^^^^^^^^^^^^^^^^^^^^^^^^^^^^^^^^^^^^^^^^^^^^^^^^^^^^^^^^^^^^

Error (6275): Source "@openzeppelin/contracts/token/ERC721/ERC721.sol" not found: File not found. Searched the following locations: "/home/ls/projects/ZKCourse/zk_panagram".
ParserError: Source "@openzeppelin/contracts/token/ERC721/ERC721.sol" not found: File not found. Searched the following locations: "/home/ls/projects/ZKCourse/zk_panagram".
 --> contracts/lib/openzeppelin-contracts/test/token/ERC721/extensions/ERC721Consecutive.t.sol:7:1:
  |
7 | import {ERC721} from "@openzeppelin/contracts/token/ERC721/ERC721.sol";
  | ^^^^^^^^^^^^^^^^^^^^^^^^^^^^^^^^^^^^^^^^^^^^^^^^^^^^^^^^^^^^^^^^^^^^^^^

Error (6275): Source "@openzeppelin/contracts/token/ERC721/extensions/ERC721Consecutive.sol" not found: File not found. Searched the following locations: "/home/ls/projects/ZKCourse/zk_panagram".
ParserError: Source "@openzeppelin/contracts/token/ERC721/extensions/ERC721Consecutive.sol" not found: File not found. Searched the following locations: "/home/ls/projects/ZKCourse/zk_panagram".
 --> contracts/lib/openzeppelin-contracts/test/token/ERC721/extensions/ERC721Consecutive.t.sol:8:1:
  |
8 | import {ERC721Consecutive} from "@openzeppelin/contracts/token/ERC721/extensions/ERC721Consecutive.sol";
  | ^^^^^^^^^^^^^^^^^^^^^^^^^^^^^^^^^^^^^^^^^^^^^^^^^^^^^^^^^^^^^^^^^^^^^^^^^^^^^^^^^^^^^^^^^^^^^^^^^^^^^^^^

Error (6275): Source "forge-std/Test.sol" not found: File not found. Searched the following locations: "/home/ls/projects/ZKCourse/zk_panagram".
ParserError: Source "forge-std/Test.sol" not found: File not found. Searched the following locations: "/home/ls/projects/ZKCourse/zk_panagram".
 --> contracts/lib/openzeppelin-contracts/test/token/ERC721/extensions/ERC721Consecutive.t.sol:9:1:
  |
9 | import {Test, StdUtils} from "forge-std/Test.sol";
  | ^^^^^^^^^^^^^^^^^^^^^^^^^^^^^^^^^^^^^^^^^^^^^^^^^^

Error (6275): Source "forge-std/Test.sol" not found: File not found. Searched the following locations: "/home/ls/projects/ZKCourse/zk_panagram".
ParserError: Source "forge-std/Test.sol" not found: File not found. Searched the following locations: "/home/ls/projects/ZKCourse/zk_panagram".
 --> contracts/lib/openzeppelin-contracts/test/utils/Arrays.t.sol:5:1:
  |
5 | import {Test} from "forge-std/Test.sol";
  | ^^^^^^^^^^^^^^^^^^^^^^^^^^^^^^^^^^^^^^^^

Error (6275): Source "halmos-cheatcodes/SymTest.sol" not found: File not found. Searched the following locations: "/home/ls/projects/ZKCourse/zk_panagram".
ParserError: Source "halmos-cheatcodes/SymTest.sol" not found: File not found. Searched the following locations: "/home/ls/projects/ZKCourse/zk_panagram".
 --> contracts/lib/openzeppelin-contracts/test/utils/Arrays.t.sol:6:1:
  |
6 | import {SymTest} from "halmos-cheatcodes/SymTest.sol";
  | ^^^^^^^^^^^^^^^^^^^^^^^^^^^^^^^^^^^^^^^^^^^^^^^^^^^^^^

Error (6275): Source "@openzeppelin/contracts/utils/Arrays.sol" not found: File not found. Searched the following locations: "/home/ls/projects/ZKCourse/zk_panagram".
ParserError: Source "@openzeppelin/contracts/utils/Arrays.sol" not found: File not found. Searched the following locations: "/home/ls/projects/ZKCourse/zk_panagram".
 --> contracts/lib/openzeppelin-contracts/test/utils/Arrays.t.sol:7:1:
  |
7 | import {Arrays} from "@openzeppelin/contracts/utils/Arrays.sol";
  | ^^^^^^^^^^^^^^^^^^^^^^^^^^^^^^^^^^^^^^^^^^^^^^^^^^^^^^^^^^^^^^^^

Error (6275): Source "forge-std/Test.sol" not found: File not found. Searched the following locations: "/home/ls/projects/ZKCourse/zk_panagram".
ParserError: Source "forge-std/Test.sol" not found: File not found. Searched the following locations: "/home/ls/projects/ZKCourse/zk_panagram".
 --> contracts/lib/openzeppelin-contracts/test/utils/Base64.t.sol:5:1:
  |
5 | import {Test} from "forge-std/Test.sol";
  | ^^^^^^^^^^^^^^^^^^^^^^^^^^^^^^^^^^^^^^^^

Error (6275): Source "@openzeppelin/contracts/utils/Base64.sol" not found: File not found. Searched the following locations: "/home/ls/projects/ZKCourse/zk_panagram".
ParserError: Source "@openzeppelin/contracts/utils/Base64.sol" not found: File not found. Searched the following locations: "/home/ls/projects/ZKCourse/zk_panagram".
 --> contracts/lib/openzeppelin-contracts/test/utils/Base64.t.sol:6:1:
  |
6 | import {Base64} from "@openzeppelin/contracts/utils/Base64.sol";
  | ^^^^^^^^^^^^^^^^^^^^^^^^^^^^^^^^^^^^^^^^^^^^^^^^^^^^^^^^^^^^^^^^

Error (6275): Source "forge-std/Test.sol" not found: File not found. Searched the following locations: "/home/ls/projects/ZKCourse/zk_panagram".
ParserError: Source "forge-std/Test.sol" not found: File not found. Searched the following locations: "/home/ls/projects/ZKCourse/zk_panagram".
 --> contracts/lib/openzeppelin-contracts/test/utils/Create2.t.sol:5:1:
  |
5 | import {Test} from "forge-std/Test.sol";
  | ^^^^^^^^^^^^^^^^^^^^^^^^^^^^^^^^^^^^^^^^

Error (6275): Source "@openzeppelin/contracts/utils/Create2.sol" not found: File not found. Searched the following locations: "/home/ls/projects/ZKCourse/zk_panagram".
ParserError: Source "@openzeppelin/contracts/utils/Create2.sol" not found: File not found. Searched the following locations: "/home/ls/projects/ZKCourse/zk_panagram".
 --> contracts/lib/openzeppelin-contracts/test/utils/Create2.t.sol:6:1:
  |
6 | import {Create2} from "@openzeppelin/contracts/utils/Create2.sol";
  | ^^^^^^^^^^^^^^^^^^^^^^^^^^^^^^^^^^^^^^^^^^^^^^^^^^^^^^^^^^^^^^^^^^

Error (6275): Source "forge-std/Test.sol" not found: File not found. Searched the following locations: "/home/ls/projects/ZKCourse/zk_panagram".
ParserError: Source "forge-std/Test.sol" not found: File not found. Searched the following locations: "/home/ls/projects/ZKCourse/zk_panagram".
 --> contracts/lib/openzeppelin-contracts/test/utils/Packing.t.sol:6:1:
  |
6 | import {Test} from "forge-std/Test.sol";
  | ^^^^^^^^^^^^^^^^^^^^^^^^^^^^^^^^^^^^^^^^

Error (6275): Source "@openzeppelin/contracts/utils/Packing.sol" not found: File not found. Searched the following locations: "/home/ls/projects/ZKCourse/zk_panagram".
ParserError: Source "@openzeppelin/contracts/utils/Packing.sol" not found: File not found. Searched the following locations: "/home/ls/projects/ZKCourse/zk_panagram".
 --> contracts/lib/openzeppelin-contracts/test/utils/Packing.t.sol:7:1:
  |
7 | import {Packing} from "@openzeppelin/contracts/utils/Packing.sol";
  | ^^^^^^^^^^^^^^^^^^^^^^^^^^^^^^^^^^^^^^^^^^^^^^^^^^^^^^^^^^^^^^^^^^

Error (6275): Source "forge-std/Test.sol" not found: File not found. Searched the following locations: "/home/ls/projects/ZKCourse/zk_panagram".
ParserError: Source "forge-std/Test.sol" not found: File not found. Searched the following locations: "/home/ls/projects/ZKCourse/zk_panagram".
 --> contracts/lib/openzeppelin-contracts/test/utils/ShortStrings.t.sol:5:1:
  |
5 | import {Test} from "forge-std/Test.sol";
  | ^^^^^^^^^^^^^^^^^^^^^^^^^^^^^^^^^^^^^^^^

Error (6275): Source "halmos-cheatcodes/SymTest.sol" not found: File not found. Searched the following locations: "/home/ls/projects/ZKCourse/zk_panagram".
ParserError: Source "halmos-cheatcodes/SymTest.sol" not found: File not found. Searched the following locations: "/home/ls/projects/ZKCourse/zk_panagram".
 --> contracts/lib/openzeppelin-contracts/test/utils/ShortStrings.t.sol:6:1:
  |
6 | import {SymTest} from "halmos-cheatcodes/SymTest.sol";
  | ^^^^^^^^^^^^^^^^^^^^^^^^^^^^^^^^^^^^^^^^^^^^^^^^^^^^^^

Error (6275): Source "@openzeppelin/contracts/utils/ShortStrings.sol" not found: File not found. Searched the following locations: "/home/ls/projects/ZKCourse/zk_panagram".
ParserError: Source "@openzeppelin/contracts/utils/ShortStrings.sol" not found: File not found. Searched the following locations: "/home/ls/projects/ZKCourse/zk_panagram".
 --> contracts/lib/openzeppelin-contracts/test/utils/ShortStrings.t.sol:8:1:
  |
8 | import {ShortStrings, ShortString} from "@openzeppelin/contracts/utils/ShortStrings.sol";
  | ^^^^^^^^^^^^^^^^^^^^^^^^^^^^^^^^^^^^^^^^^^^^^^^^^^^^^^^^^^^^^^^^^^^^^^^^^^^^^^^^^^^^^^^^^

Error (6275): Source "forge-std/Test.sol" not found: File not found. Searched the following locations: "/home/ls/projects/ZKCourse/zk_panagram".
ParserError: Source "forge-std/Test.sol" not found: File not found. Searched the following locations: "/home/ls/projects/ZKCourse/zk_panagram".
 --> contracts/lib/openzeppelin-contracts/test/utils/SlotDerivation.t.sol:6:1:
  |
6 | import {Test} from "forge-std/Test.sol";
  | ^^^^^^^^^^^^^^^^^^^^^^^^^^^^^^^^^^^^^^^^

Error (6275): Source "halmos-cheatcodes/SymTest.sol" not found: File not found. Searched the following locations: "/home/ls/projects/ZKCourse/zk_panagram".
ParserError: Source "halmos-cheatcodes/SymTest.sol" not found: File not found. Searched the following locations: "/home/ls/projects/ZKCourse/zk_panagram".
 --> contracts/lib/openzeppelin-contracts/test/utils/SlotDerivation.t.sol:7:1:
  |
7 | import {SymTest} from "halmos-cheatcodes/SymTest.sol";
  | ^^^^^^^^^^^^^^^^^^^^^^^^^^^^^^^^^^^^^^^^^^^^^^^^^^^^^^

Error (6275): Source "@openzeppelin/contracts/utils/SlotDerivation.sol" not found: File not found. Searched the following locations: "/home/ls/projects/ZKCourse/zk_panagram".
ParserError: Source "@openzeppelin/contracts/utils/SlotDerivation.sol" not found: File not found. Searched the following locations: "/home/ls/projects/ZKCourse/zk_panagram".
 --> contracts/lib/openzeppelin-contracts/test/utils/SlotDerivation.t.sol:8:1:
  |
8 | import {SlotDerivation} from "@openzeppelin/contracts/utils/SlotDerivation.sol";
  | ^^^^^^^^^^^^^^^^^^^^^^^^^^^^^^^^^^^^^^^^^^^^^^^^^^^^^^^^^^^^^^^^^^^^^^^^^^^^^^^^

Error (6275): Source "forge-std/Test.sol" not found: File not found. Searched the following locations: "/home/ls/projects/ZKCourse/zk_panagram".
ParserError: Source "forge-std/Test.sol" not found: File not found. Searched the following locations: "/home/ls/projects/ZKCourse/zk_panagram".
 --> contracts/lib/openzeppelin-contracts/test/utils/Strings.t.sol:5:1:
  |
5 | import {Test} from "forge-std/Test.sol";
  | ^^^^^^^^^^^^^^^^^^^^^^^^^^^^^^^^^^^^^^^^

Error (6275): Source "@openzeppelin/contracts/utils/Strings.sol" not found: File not found. Searched the following locations: "/home/ls/projects/ZKCourse/zk_panagram".
ParserError: Source "@openzeppelin/contracts/utils/Strings.sol" not found: File not found. Searched the following locations: "/home/ls/projects/ZKCourse/zk_panagram".
 --> contracts/lib/openzeppelin-contracts/test/utils/Strings.t.sol:7:1:
  |
7 | import {Strings} from "@openzeppelin/contracts/utils/Strings.sol";
  | ^^^^^^^^^^^^^^^^^^^^^^^^^^^^^^^^^^^^^^^^^^^^^^^^^^^^^^^^^^^^^^^^^^

Error (6275): Source "forge-std/Test.sol" not found: File not found. Searched the following locations: "/home/ls/projects/ZKCourse/zk_panagram".
ParserError: Source "forge-std/Test.sol" not found: File not found. Searched the following locations: "/home/ls/projects/ZKCourse/zk_panagram".
 --> contracts/lib/openzeppelin-contracts/test/utils/cryptography/MessageHashUtils.t.sol:5:1:
  |
5 | import {Test} from "forge-std/Test.sol";
  | ^^^^^^^^^^^^^^^^^^^^^^^^^^^^^^^^^^^^^^^^

Error (6275): Source "@openzeppelin/contracts/utils/cryptography/MessageHashUtils.sol" not found: File not found. Searched the following locations: "/home/ls/projects/ZKCourse/zk_panagram".
ParserError: Source "@openzeppelin/contracts/utils/cryptography/MessageHashUtils.sol" not found: File not found. Searched the following locations: "/home/ls/projects/ZKCourse/zk_panagram".
 --> contracts/lib/openzeppelin-contracts/test/utils/cryptography/MessageHashUtils.t.sol:6:1:
  |
6 | import {MessageHashUtils} from "@openzeppelin/contracts/utils/cryptography/MessageHashUtils.sol";
  | ^^^^^^^^^^^^^^^^^^^^^^^^^^^^^^^^^^^^^^^^^^^^^^^^^^^^^^^^^^^^^^^^^^^^^^^^^^^^^^^^^^^^^^^^^^^^^^^^^

Error (6275): Source "forge-std/Test.sol" not found: File not found. Searched the following locations: "/home/ls/projects/ZKCourse/zk_panagram".
ParserError: Source "forge-std/Test.sol" not found: File not found. Searched the following locations: "/home/ls/projects/ZKCourse/zk_panagram".
 --> contracts/lib/openzeppelin-contracts/test/utils/cryptography/P256.t.sol:5:1:
  |
5 | import {Test} from "forge-std/Test.sol";
  | ^^^^^^^^^^^^^^^^^^^^^^^^^^^^^^^^^^^^^^^^

Error (6275): Source "@openzeppelin/contracts/utils/cryptography/P256.sol" not found: File not found. Searched the following locations: "/home/ls/projects/ZKCourse/zk_panagram".
ParserError: Source "@openzeppelin/contracts/utils/cryptography/P256.sol" not found: File not found. Searched the following locations: "/home/ls/projects/ZKCourse/zk_panagram".
 --> contracts/lib/openzeppelin-contracts/test/utils/cryptography/P256.t.sol:7:1:
  |
7 | import {P256} from "@openzeppelin/contracts/utils/cryptography/P256.sol";
  | ^^^^^^^^^^^^^^^^^^^^^^^^^^^^^^^^^^^^^^^^^^^^^^^^^^^^^^^^^^^^^^^^^^^^^^^^^

Error (6275): Source "@openzeppelin/contracts/utils/math/Math.sol" not found: File not found. Searched the following locations: "/home/ls/projects/ZKCourse/zk_panagram".
ParserError: Source "@openzeppelin/contracts/utils/math/Math.sol" not found: File not found. Searched the following locations: "/home/ls/projects/ZKCourse/zk_panagram".
 --> contracts/lib/openzeppelin-contracts/test/utils/cryptography/P256.t.sol:8:1:
  |
8 | import {Math} from "@openzeppelin/contracts/utils/math/Math.sol";
  | ^^^^^^^^^^^^^^^^^^^^^^^^^^^^^^^^^^^^^^^^^^^^^^^^^^^^^^^^^^^^^^^^^

Error (6275): Source "@openzeppelin/contracts/utils/Errors.sol" not found: File not found. Searched the following locations: "/home/ls/projects/ZKCourse/zk_panagram".
ParserError: Source "@openzeppelin/contracts/utils/Errors.sol" not found: File not found. Searched the following locations: "/home/ls/projects/ZKCourse/zk_panagram".
 --> contracts/lib/openzeppelin-contracts/test/utils/cryptography/P256.t.sol:9:1:
  |
9 | import {Errors} from "@openzeppelin/contracts/utils/Errors.sol";
  | ^^^^^^^^^^^^^^^^^^^^^^^^^^^^^^^^^^^^^^^^^^^^^^^^^^^^^^^^^^^^^^^^

Error (6275): Source "forge-std/Test.sol" not found: File not found. Searched the following locations: "/home/ls/projects/ZKCourse/zk_panagram".
ParserError: Source "forge-std/Test.sol" not found: File not found. Searched the following locations: "/home/ls/projects/ZKCourse/zk_panagram".
 --> contracts/lib/openzeppelin-contracts/test/utils/math/Math.t.sol:5:1:
  |
5 | import {Test, stdError} from "forge-std/Test.sol";
  | ^^^^^^^^^^^^^^^^^^^^^^^^^^^^^^^^^^^^^^^^^^^^^^^^^^

Error (6275): Source "@openzeppelin/contracts/utils/math/Math.sol" not found: File not found. Searched the following locations: "/home/ls/projects/ZKCourse/zk_panagram".
ParserError: Source "@openzeppelin/contracts/utils/math/Math.sol" not found: File not found. Searched the following locations: "/home/ls/projects/ZKCourse/zk_panagram".
 --> contracts/lib/openzeppelin-contracts/test/utils/math/Math.t.sol:7:1:
  |
7 | import {Math} from "@openzeppelin/contracts/utils/math/Math.sol";
  | ^^^^^^^^^^^^^^^^^^^^^^^^^^^^^^^^^^^^^^^^^^^^^^^^^^^^^^^^^^^^^^^^^

Error (6275): Source "forge-std/Test.sol" not found: File not found. Searched the following locations: "/home/ls/projects/ZKCourse/zk_panagram".
ParserError: Source "forge-std/Test.sol" not found: File not found. Searched the following locations: "/home/ls/projects/ZKCourse/zk_panagram".
 --> contracts/lib/openzeppelin-contracts/test/utils/math/SignedMath.t.sol:5:1:
  |
5 | import {Test} from "forge-std/Test.sol";
  | ^^^^^^^^^^^^^^^^^^^^^^^^^^^^^^^^^^^^^^^^

Error (6275): Source "forge-std/Test.sol" not found: File not found. Searched the following locations: "/home/ls/projects/ZKCourse/zk_panagram".
ParserError: Source "forge-std/Test.sol" not found: File not found. Searched the following locations: "/home/ls/projects/ZKCourse/zk_panagram".
 --> contracts/lib/openzeppelin-contracts/test/utils/structs/Checkpoints.t.sol:6:1:
  |
6 | import {Test} from "forge-std/Test.sol";
  | ^^^^^^^^^^^^^^^^^^^^^^^^^^^^^^^^^^^^^^^^

Error (6275): Source "@openzeppelin/contracts/utils/math/SafeCast.sol" not found: File not found. Searched the following locations: "/home/ls/projects/ZKCourse/zk_panagram".
ParserError: Source "@openzeppelin/contracts/utils/math/SafeCast.sol" not found: File not found. Searched the following locations: "/home/ls/projects/ZKCourse/zk_panagram".
 --> contracts/lib/openzeppelin-contracts/test/utils/structs/Checkpoints.t.sol:7:1:
  |
7 | import {SafeCast} from "@openzeppelin/contracts/utils/math/SafeCast.sol";
  | ^^^^^^^^^^^^^^^^^^^^^^^^^^^^^^^^^^^^^^^^^^^^^^^^^^^^^^^^^^^^^^^^^^^^^^^^^

Error (6275): Source "@openzeppelin/contracts/utils/structs/Checkpoints.sol" not found: File not found. Searched the following locations: "/home/ls/projects/ZKCourse/zk_panagram".
ParserError: Source "@openzeppelin/contracts/utils/structs/Checkpoints.sol" not found: File not found. Searched the following locations: "/home/ls/projects/ZKCourse/zk_panagram".
 --> contracts/lib/openzeppelin-contracts/test/utils/structs/Checkpoints.t.sol:8:1:
  |
8 | import {Checkpoints} from "@openzeppelin/contracts/utils/structs/Checkpoints.sol";
  | ^^^^^^^^^^^^^^^^^^^^^^^^^^^^^^^^^^^^^^^^^^^^^^^^^^^^^^^^^^^^^^^^^^^^^^^^^^^^^^^^^^

Error (6275): Source "forge-std/Test.sol" not found: File not found. Searched the following locations: "/home/ls/projects/ZKCourse/zk_panagram".
ParserError: Source "forge-std/Test.sol" not found: File not found. Searched the following locations: "/home/ls/projects/ZKCourse/zk_panagram".
 --> contracts/lib/openzeppelin-contracts/test/utils/structs/Heap.t.sol:5:1:
  |
5 | import {Test} from "forge-std/Test.sol";
  | ^^^^^^^^^^^^^^^^^^^^^^^^^^^^^^^^^^^^^^^^

Error (6275): Source "@openzeppelin/contracts/utils/math/Math.sol" not found: File not found. Searched the following locations: "/home/ls/projects/ZKCourse/zk_panagram".
ParserError: Source "@openzeppelin/contracts/utils/math/Math.sol" not found: File not found. Searched the following locations: "/home/ls/projects/ZKCourse/zk_panagram".
 --> contracts/lib/openzeppelin-contracts/test/utils/structs/Heap.t.sol:6:1:
  |
6 | import {Math} from "@openzeppelin/contracts/utils/math/Math.sol";
  | ^^^^^^^^^^^^^^^^^^^^^^^^^^^^^^^^^^^^^^^^^^^^^^^^^^^^^^^^^^^^^^^^^

Error (6275): Source "@openzeppelin/contracts/utils/structs/Heap.sol" not found: File not found. Searched the following locations: "/home/ls/projects/ZKCourse/zk_panagram".
ParserError: Source "@openzeppelin/contracts/utils/structs/Heap.sol" not found: File not found. Searched the following locations: "/home/ls/projects/ZKCourse/zk_panagram".
 --> contracts/lib/openzeppelin-contracts/test/utils/structs/Heap.t.sol:7:1:
  |
7 | import {Heap} from "@openzeppelin/contracts/utils/structs/Heap.sol";
  | ^^^^^^^^^^^^^^^^^^^^^^^^^^^^^^^^^^^^^^^^^^^^^^^^^^^^^^^^^^^^^^^^^^^^

Error (6275): Source "@openzeppelin/contracts/utils/Comparators.sol" not found: File not found. Searched the following locations: "/home/ls/projects/ZKCourse/zk_panagram".
ParserError: Source "@openzeppelin/contracts/utils/Comparators.sol" not found: File not found. Searched the following locations: "/home/ls/projects/ZKCourse/zk_panagram".
 --> contracts/lib/openzeppelin-contracts/test/utils/structs/Heap.t.sol:8:1:
  |
8 | import {Comparators} from "@openzeppelin/contracts/utils/Comparators.sol";
  | ^^^^^^^^^^^^^^^^^^^^^^^^^^^^^^^^^^^^^^^^^^^^^^^^^^^^^^^^^^^^^^^^^^^^^^^^^^

Error (6275): Source "@openzeppelin/contracts/token/ERC1155/ERC1155.sol" not found: File not found. Searched the following locations: "/home/ls/projects/ZKCourse/zk_panagram".
ParserError: Source "@openzeppelin/contracts/token/ERC1155/ERC1155.sol" not found: File not found. Searched the following locations: "/home/ls/projects/ZKCourse/zk_panagram".
 --> contracts/src/Panagram.sol:5:1:
  |
5 | import "@openzeppelin/contracts/token/ERC1155/ERC1155.sol";
  | ^^^^^^^^^^^^^^^^^^^^^^^^^^^^^^^^^^^^^^^^^^^^^^^^^^^^^^^^^^^

Error (6275): Source "@openzeppelin/contracts/access/Ownable.sol" not found: File not found. Searched the following locations: "/home/ls/projects/ZKCourse/zk_panagram".
ParserError: Source "@openzeppelin/contracts/access/Ownable.sol" not found: File not found. Searched the following locations: "/home/ls/projects/ZKCourse/zk_panagram".
 --> contracts/src/Panagram.sol:6:1:
  |
6 | import "@openzeppelin/contracts/access/Ownable.sol";
  | ^^^^^^^^^^^^^^^^^^^^^^^^^^^^^^^^^^^^^^^^^^^^^^^^^^^^

Error (6275): Source "@openzeppelin/contracts/utils/Strings.sol" not found: File not found. Searched the following locations: "/home/ls/projects/ZKCourse/zk_panagram".
ParserError: Source "@openzeppelin/contracts/utils/Strings.sol" not found: File not found. Searched the following locations: "/home/ls/projects/ZKCourse/zk_panagram".
 --> contracts/src/Panagram.sol:8:1:
  |
8 | import "@openzeppelin/contracts/utils/Strings.sol";
  | ^^^^^^^^^^^^^^^^^^^^^^^^^^^^^^^^^^^^^^^^^^^^^^^^^^^

Error (6275): Source "forge-std/Test.sol" not found: File not found. Searched the following locations: "/home/ls/projects/ZKCourse/zk_panagram".
ParserError: Source "forge-std/Test.sol" not found: File not found. Searched the following locations: "/home/ls/projects/ZKCourse/zk_panagram".
 --> contracts/test/Panagram.t.sol:4:1:
  |
4 | import {Test, console} from "forge-std/Test.sol";
  | ^^^^^^^^^^^^^^^^^^^^^^^^^^^^^^^^^^^^^^^^^^^^^^^^^

